        -:    0:Source:dominion.c
        -:    0:Graph:dominion.gcno
        -:    0:Data:dominion.gcda
        -:    0:Runs:1
        -:    0:Programs:1
        -:    1:/* Author: choit (ONID)
        -:    2: * Description: This file was submitted by choit for Assignment 2. I chose to use this code as per Assignment 5
        -:    3: *              instructions to complete Assignment 5.
        -:    4: * */
        -:    5:
        -:    6:#include "dominion.h"
        -:    7:#include "dominion_helpers.h"
        -:    8:#include "rngs.h"
        -:    9:#include <stdio.h>
        -:   10:#include <math.h>
        -:   11:#include <stdlib.h>
        -:   12:
function compare called 1400000 returned 100% blocks executed 85%
        -:   13:int compare(const void* a, const void* b) {
  1400000:   14:    if (*(int*)a > *(int*)b)
branch  0 taken 0%
branch  1 taken 100%
    #####:   15:        return 1;
  1400000:   16:    if (*(int*)a < *(int*)b)
branch  0 taken 36%
branch  1 taken 64%
   500000:   17:        return -1;
   900000:   18:    return 0;
  1400000:   19:}
        -:   20:
function newGame called 0 returned 0% blocks executed 0%
        -:   21:struct gameState* newGame() {
    #####:   22:    struct gameState* g = malloc(sizeof(struct gameState));
    #####:   23:    return g;
        -:   24:}
        -:   25:
function kingdomCards called 0 returned 0% blocks executed 0%
        -:   26:int* kingdomCards(int k1, int k2, int k3, int k4, int k5, int k6, int k7,
        -:   27:                  int k8, int k9, int k10) {
    #####:   28:    int* k = malloc(10 * sizeof(int));
    #####:   29:    k[0]   = k1;
    #####:   30:    k[1]   = k2;
    #####:   31:    k[2]   = k3;
    #####:   32:    k[3]   = k4;
    #####:   33:    k[4]   = k5;
    #####:   34:    k[5]   = k6;
    #####:   35:    k[6]   = k7;
    #####:   36:    k[7]   = k8;
    #####:   37:    k[8]   = k9;
    #####:   38:    k[9]   = k10;
    #####:   39:    return k;
        -:   40:}
        -:   41:
function initializeGame called 50000 returned 100% blocks executed 83%
        -:   42:int initializeGame(int numPlayers, int kingdomCards[10], int randomSeed,
        -:   43:                   struct gameState* state) {
        -:   44:
        -:   45:    int i;
        -:   46:    int j;
        -:   47:    int it;
        -:   48:    // set up random number generator
    50000:   49:    SelectStream(1);
    50000:   50:    PutSeed((long)randomSeed);
        -:   51:
        -:   52:    // check number of players
   100000:   53:    if (numPlayers > MAX_PLAYERS || numPlayers < 2) {
branch  0 taken 100%
branch  1 taken 0%
branch  2 taken 0%
branch  3 taken 100%
    #####:   54:        return -1;
        -:   55:    }
        -:   56:
        -:   57:    // set number of players
    50000:   58:    state->numPlayers = numPlayers;
        -:   59:
        -:   60:    // check selected kingdom cards are different
  1100000:   61:    for (i = 0; i < 10; i++) {
branch  0 taken 91%
branch  1 taken 9%
 11000000:   62:        for (j = 0; j < 10; j++) {
branch  0 taken 91%
branch  1 taken 9%
  9500000:   63:            if (j != i && kingdomCards[j] == kingdomCards[i]) {
branch  0 taken 90%
branch  1 taken 10%
branch  2 taken 0%
branch  3 taken 100%
    #####:   64:                return -1;
        -:   65:            }
  5000000:   66:        }
   500000:   67:    }
        -:   68:
        -:   69:    // initialize supply
        -:   70:    ///////////////////////////////
        -:   71:
        -:   72:    // set number of Curse cards
    50000:   73:    if (numPlayers == 2) {
branch  0 taken 100%
branch  1 taken 0%
    50000:   74:        state->supplyCount[curse] = 10;
    50000:   75:    }
    #####:   76:    else if (numPlayers == 3) {
branch  0 never executed
branch  1 never executed
    #####:   77:        state->supplyCount[curse] = 20;
    #####:   78:    }
        -:   79:    else {
    #####:   80:        state->supplyCount[curse] = 30;
        -:   81:    }
        -:   82:
        -:   83:    // set number of Victory cards
    50000:   84:    if (numPlayers == 2) {
branch  0 taken 100%
branch  1 taken 0%
    50000:   85:        state->supplyCount[estate]   = 8;
    50000:   86:        state->supplyCount[duchy]    = 8;
    50000:   87:        state->supplyCount[province] = 8;
    50000:   88:    }
        -:   89:    else {
    #####:   90:        state->supplyCount[estate]   = 12;
    #####:   91:        state->supplyCount[duchy]    = 12;
    #####:   92:        state->supplyCount[province] = 12;
        -:   93:    }
        -:   94:
        -:   95:    // set number of Treasure cards
    50000:   96:    state->supplyCount[copper] = 60 - (7 * numPlayers);
    50000:   97:    state->supplyCount[silver] = 40;
    50000:   98:    state->supplyCount[gold]   = 30;
        -:   99:
        -:  100:    // set number of Kingdom cards
  2100000:  101:    for (i = adventurer; i <= treasure_map; i++)   // loop all cards
branch  0 taken 95%
branch  1 taken 5%
        -:  102:    {
 16500000:  103:        for (j = 0; j < 10; j++)   // loop chosen cards
branch  0 taken 94%
branch  1 taken 6%
        -:  104:        {
  7750000:  105:            if (kingdomCards[j] == i) {
branch  0 taken 6%
branch  1 taken 94%
        -:  106:                // check if card is a 'Victory' Kingdom card
  1000000:  107:                if (kingdomCards[j] == great_hall
branch  0 taken 0%
branch  1 taken 100%
  1000000:  108:                    || kingdomCards[j] == gardens) {
branch  0 taken 100%
branch  1 taken 0%
    #####:  109:                    if (numPlayers == 2) {
branch  0 never executed
branch  1 never executed
    #####:  110:                        state->supplyCount[i] = 8;
    #####:  111:                    }
        -:  112:                    else {
    #####:  113:                        state->supplyCount[i] = 12;
        -:  114:                    }
    #####:  115:                }
        -:  116:                else {
   500000:  117:                    state->supplyCount[i] = 10;
        -:  118:                }
   500000:  119:                break;
        -:  120:            }
        -:  121:            else   // card is not in the set choosen for the game
        -:  122:            {
  7250000:  123:                state->supplyCount[i] = -1;
        -:  124:            }
  7250000:  125:        }
  1000000:  126:    }
        -:  127:
        -:  128:    ////////////////////////
        -:  129:    // supply intilization complete
        -:  130:
        -:  131:    // set player decks
   300000:  132:    for (i = 0; i < numPlayers; i++) {
branch  0 taken 67%
branch  1 taken 33%
   100000:  133:        state->deckCount[i] = 0;
   800000:  134:        for (j = 0; j < 3; j++) {
branch  0 taken 75%
branch  1 taken 25%
   300000:  135:            state->deck[i][j] = estate;
   300000:  136:            state->deckCount[i]++;
   300000:  137:        }
  1600000:  138:        for (j = 3; j < 10; j++) {
branch  0 taken 88%
branch  1 taken 13%
   700000:  139:            state->deck[i][j] = copper;
   700000:  140:            state->deckCount[i]++;
   700000:  141:        }
   100000:  142:    }
        -:  143:
        -:  144:    // shuffle player decks
   300000:  145:    for (i = 0; i < numPlayers; i++) {
branch  0 taken 67%
branch  1 taken 33%
   100000:  146:        if (shuffle(i, state) < 0) {
branch  0 taken 0%
branch  1 taken 100%
    #####:  147:            return -1;
        -:  148:        }
   100000:  149:    }
        -:  150:
        -:  151:    // draw player hands
   300000:  152:    for (i = 0; i < numPlayers; i++) {
branch  0 taken 67%
branch  1 taken 33%
        -:  153:        // initialize hand size to zero
   100000:  154:        state->handCount[i]    = 0;
   100000:  155:        state->discardCount[i] = 0;
        -:  156:        // draw 5 cards
        -:  157:        // for (j = 0; j < 5; j++)
        -:  158:        //	{
        -:  159:        //	  drawCard(i, state);
        -:  160:        //	}
   100000:  161:    }
        -:  162:
        -:  163:    // set embargo tokens to 0 for all supply piles
  2800000:  164:    for (i = 0; i <= treasure_map; i++) {
branch  0 taken 96%
branch  1 taken 4%
  1350000:  165:        state->embargoTokens[i] = 0;
  1350000:  166:    }
        -:  167:
        -:  168:    // initialize first player's turn
    50000:  169:    state->outpostPlayed               = 0;
    50000:  170:    state->phase                       = 0;
    50000:  171:    state->numActions                  = 1;
    50000:  172:    state->numBuys                     = 1;
    50000:  173:    state->playedCardCount             = 0;
    50000:  174:    state->whoseTurn                   = 0;
    50000:  175:    state->handCount[state->whoseTurn] = 0;
        -:  176:    // int it; move to top
        -:  177:
        -:  178:    // Moved draw cards to here, only drawing at the start of a turn
   600000:  179:    for (it = 0; it < 5; it++) {
branch  0 taken 83%
branch  1 taken 17%
   250000:  180:        drawCard(state->whoseTurn, state);
   250000:  181:    }
        -:  182:
    50000:  183:    updateCoins(state->whoseTurn, state, 0);
        -:  184:
    50000:  185:    return 0;
    50000:  186:}
        -:  187:
function shuffle called 108779 returned 100% blocks executed 100%
        -:  188:int shuffle(int player, struct gameState* state) {
        -:  189:
        -:  190:    int newDeck[MAX_DECK];
   108779:  191:    int newDeckPos = 0;
        -:  192:    int card;
        -:  193:    int i;
        -:  194:
   108779:  195:    if (state->deckCount[player] < 1)
branch  0 taken 8%
branch  1 taken 92%
     8779:  196:        return -1;
   100000:  197:    qsort((void*)(state->deck[player]), state->deckCount[player], sizeof(int),
        -:  198:          compare);
        -:  199:    /* SORT CARDS IN DECK TO ENSURE DETERMINISM! */
        -:  200:
  2200000:  201:    while (state->deckCount[player] > 0) {
branch  0 taken 91%
branch  1 taken 9%
  1000000:  202:        card                = floor(Random() * state->deckCount[player]);
  1000000:  203:        newDeck[newDeckPos] = state->deck[player][card];
  1000000:  204:        newDeckPos++;
  7000000:  205:        for (i = card; i < state->deckCount[player] - 1; i++) {
branch  0 taken 71%
branch  1 taken 29%
  2500000:  206:            state->deck[player][i] = state->deck[player][i + 1];
  2500000:  207:        }
  1000000:  208:        state->deckCount[player]--;
        -:  209:    }
  2200000:  210:    for (i = 0; i < newDeckPos; i++) {
branch  0 taken 91%
branch  1 taken 9%
  1000000:  211:        state->deck[player][i] = newDeck[i];
  1000000:  212:        state->deckCount[player]++;
  1000000:  213:    }
        -:  214:
   100000:  215:    return 0;
   108779:  216:}
        -:  217:
function playCard called 0 returned 0% blocks executed 0%
        -:  218:int playCard(int handPos, int choice1, int choice2, int choice3,
        -:  219:             struct gameState* state) {
        -:  220:    int card;
    #####:  221:    int coin_bonus = 0;   // tracks coins gain from actions
        -:  222:
        -:  223:    // check if it is the right phase
    #####:  224:    if (state->phase != 0) {
branch  0 never executed
branch  1 never executed
    #####:  225:        return -1;
        -:  226:    }
        -:  227:
        -:  228:    // check if player has enough actions
    #####:  229:    if (state->numActions < 1) {
branch  0 never executed
branch  1 never executed
    #####:  230:        return -1;
        -:  231:    }
        -:  232:
        -:  233:    // get card played
    #####:  234:    card = handCard(handPos, state);
        -:  235:
        -:  236:    // check if selected card is an action
    #####:  237:    if (card < adventurer || card > treasure_map) {
branch  0 never executed
branch  1 never executed
branch  2 never executed
branch  3 never executed
    #####:  238:        return -1;
        -:  239:    }
        -:  240:
        -:  241:    // play card
    #####:  242:    if (cardEffect(card, choice1, choice2, choice3, state, handPos, &coin_bonus)
branch  0 never executed
branch  1 never executed
branch  2 never executed
branch  3 never executed
    #####:  243:        < 0) {
    #####:  244:        return -1;
        -:  245:    }
        -:  246:
        -:  247:    // reduce number of actions
    #####:  248:    state->numActions--;
        -:  249:
        -:  250:    // update coins (Treasure cards may be added with card draws)
    #####:  251:    updateCoins(state->whoseTurn, state, coin_bonus);
        -:  252:
    #####:  253:    return 0;
    #####:  254:}
        -:  255:
function buyCard called 0 returned 0% blocks executed 0%
        -:  256:int buyCard(int supplyPos, struct gameState* state) {
        -:  257:    int who;
        -:  258:    if (DEBUG) {
        -:  259:        printf("Entering buyCard...\n");
        -:  260:    }
        -:  261:
        -:  262:    // I don't know what to do about the phase thing.
        -:  263:
    #####:  264:    who = state->whoseTurn;
        -:  265:
    #####:  266:    if (state->numBuys < 1) {
branch  0 never executed
branch  1 never executed
        -:  267:        if (DEBUG)
        -:  268:            printf("You do not have any buys left\n");
    #####:  269:        return -1;
        -:  270:    }
    #####:  271:    else if (supplyCount(supplyPos, state) < 1) {
branch  0 never executed
branch  1 never executed
        -:  272:        if (DEBUG)
        -:  273:            printf("There are not any of that type of card left\n");
    #####:  274:        return -1;
        -:  275:    }
    #####:  276:    else if (state->coins < getCost(supplyPos)) {
branch  0 never executed
branch  1 never executed
        -:  277:        if (DEBUG)
        -:  278:            printf(
        -:  279:                "You do not have enough money to buy that. You have %d "
        -:  280:                "coins.\n",
        -:  281:                state->coins);
    #####:  282:        return -1;
        -:  283:    }
        -:  284:    else {
    #####:  285:        state->phase = 1;
        -:  286:        // state->supplyCount[supplyPos]--;
    #####:  287:        gainCard(supplyPos, state, 0,
    #####:  288:                 who);   // card goes in discard, this might be wrong.. (2 means
        -:  289:                         // goes into hand, 0 goes into discard)
        -:  290:
    #####:  291:        state->coins = (state->coins) - (getCost(supplyPos));
    #####:  292:        state->numBuys--;
        -:  293:        if (DEBUG)
        -:  294:            printf(
        -:  295:                "You bought card number %d for %d coins. You now have %d buys "
        -:  296:                "and %d coins.\n",
        -:  297:                supplyPos, getCost(supplyPos), state->numBuys, state->coins);
        -:  298:    }
        -:  299:
        -:  300:    // state->discard[who][state->discardCount[who]] = supplyPos;
        -:  301:    // state->discardCount[who]++;
        -:  302:
    #####:  303:    return 0;
    #####:  304:}
        -:  305:
function numHandCards called 0 returned 0% blocks executed 0%
        -:  306:int numHandCards(struct gameState* state) {
    #####:  307:    return state->handCount[whoseTurn(state)];
        -:  308:}
        -:  309:
function handCard called 0 returned 0% blocks executed 0%
        -:  310:int handCard(int handPos, struct gameState* state) {
    #####:  311:    int currentPlayer = whoseTurn(state);
    #####:  312:    return state->hand[currentPlayer][handPos];
        -:  313:}
        -:  314:
function supplyCount called 0 returned 0% blocks executed 0%
        -:  315:int supplyCount(int card, struct gameState* state) {
    #####:  316:    return state->supplyCount[card];
        -:  317:}
        -:  318:
function fullDeckCount called 0 returned 0% blocks executed 0%
        -:  319:int fullDeckCount(int player, int card, struct gameState* state) {
        -:  320:    int i;
    #####:  321:    int count = 0;
        -:  322:
    #####:  323:    for (i = 0; i < state->deckCount[player]; i++) {
branch  0 never executed
branch  1 never executed
    #####:  324:        if (state->deck[player][i] == card)
branch  0 never executed
branch  1 never executed
    #####:  325:            count++;
    #####:  326:    }
        -:  327:
    #####:  328:    for (i = 0; i < state->handCount[player]; i++) {
branch  0 never executed
branch  1 never executed
    #####:  329:        if (state->hand[player][i] == card)
branch  0 never executed
branch  1 never executed
    #####:  330:            count++;
    #####:  331:    }
        -:  332:
    #####:  333:    for (i = 0; i < state->discardCount[player]; i++) {
branch  0 never executed
branch  1 never executed
    #####:  334:        if (state->discard[player][i] == card)
branch  0 never executed
branch  1 never executed
    #####:  335:            count++;
    #####:  336:    }
        -:  337:
    #####:  338:    return count;
        -:  339:}
        -:  340:
function whoseTurn called 100000 returned 100% blocks executed 100%
        -:  341:int whoseTurn(struct gameState* state) {
   100000:  342:    return state->whoseTurn;
        -:  343:}
        -:  344:
function endTurn called 0 returned 0% blocks executed 0%
        -:  345:int endTurn(struct gameState* state) {
        -:  346:    int k;
        -:  347:    int i;
    #####:  348:    int currentPlayer = whoseTurn(state);
        -:  349:
        -:  350:    // Discard hand
    #####:  351:    for (i = 0; i < state->handCount[currentPlayer]; i++) {
branch  0 never executed
branch  1 never executed
    #####:  352:        state->discard[currentPlayer][state->discardCount[currentPlayer]++]
    #####:  353:            = state->hand[currentPlayer][i];   // Discard
    #####:  354:        state->hand[currentPlayer][i] = -1;    // Set card to -1
    #####:  355:    }
    #####:  356:    state->handCount[currentPlayer] = 0;   // Reset hand count
        -:  357:
        -:  358:    // Code for determining the player
    #####:  359:    if (currentPlayer < (state->numPlayers - 1)) {
branch  0 never executed
branch  1 never executed
    #####:  360:        state->whoseTurn = currentPlayer + 1;   // Still safe to increment
    #####:  361:    }
        -:  362:    else {
    #####:  363:        state->whoseTurn
    #####:  364:            = 0;   // Max player has been reached, loop back around to player 1
        -:  365:    }
        -:  366:
    #####:  367:    state->outpostPlayed               = 0;
    #####:  368:    state->phase                       = 0;
    #####:  369:    state->numActions                  = 1;
    #####:  370:    state->coins                       = 0;
    #####:  371:    state->numBuys                     = 1;
    #####:  372:    state->playedCardCount             = 0;
    #####:  373:    state->handCount[state->whoseTurn] = 0;
        -:  374:
        -:  375:    // int k; move to top
        -:  376:    // Next player draws hand
    #####:  377:    for (k = 0; k < 5; k++) {
branch  0 never executed
branch  1 never executed
    #####:  378:        drawCard(state->whoseTurn, state);   // Draw a card
    #####:  379:    }
        -:  380:
        -:  381:    // Update money
    #####:  382:    updateCoins(state->whoseTurn, state, 0);
        -:  383:
    #####:  384:    return 0;
        -:  385:}
        -:  386:
function isGameOver called 0 returned 0% blocks executed 0%
        -:  387:int isGameOver(struct gameState* state) {
        -:  388:    int i;
        -:  389:    int j;
        -:  390:
        -:  391:    // if stack of Province cards is empty, the game ends
    #####:  392:    if (state->supplyCount[province] == 0) {
branch  0 never executed
branch  1 never executed
    #####:  393:        return 1;
        -:  394:    }
        -:  395:
        -:  396:    // if three supply pile are at 0, the game ends
    #####:  397:    j = 0;
    #####:  398:    for (i = 0; i < 25; i++) {
branch  0 never executed
branch  1 never executed
    #####:  399:        if (state->supplyCount[i] == 0) {
branch  0 never executed
branch  1 never executed
    #####:  400:            j++;
    #####:  401:        }
    #####:  402:    }
    #####:  403:    if (j >= 3) {
branch  0 never executed
branch  1 never executed
    #####:  404:        return 1;
        -:  405:    }
        -:  406:
    #####:  407:    return 0;
    #####:  408:}
        -:  409:
function scoreFor called 0 returned 0% blocks executed 0%
        -:  410:int scoreFor(int player, struct gameState* state) {
        -:  411:
        -:  412:    int i;
    #####:  413:    int score = 0;
        -:  414:    // score from hand
    #####:  415:    for (i = 0; i < state->handCount[player]; i++) {
branch  0 never executed
branch  1 never executed
    #####:  416:        if (state->hand[player][i] == curse) {
branch  0 never executed
branch  1 never executed
    #####:  417:            score = score - 1;
    #####:  418:        };
    #####:  419:        if (state->hand[player][i] == estate) {
branch  0 never executed
branch  1 never executed
    #####:  420:            score = score + 1;
    #####:  421:        };
    #####:  422:        if (state->hand[player][i] == duchy) {
branch  0 never executed
branch  1 never executed
    #####:  423:            score = score + 3;
    #####:  424:        };
    #####:  425:        if (state->hand[player][i] == province) {
branch  0 never executed
branch  1 never executed
    #####:  426:            score = score + 6;
    #####:  427:        };
    #####:  428:        if (state->hand[player][i] == great_hall) {
branch  0 never executed
branch  1 never executed
    #####:  429:            score = score + 1;
    #####:  430:        };
    #####:  431:        if (state->hand[player][i] == gardens) {
branch  0 never executed
branch  1 never executed
    #####:  432:            score = score + (fullDeckCount(player, 0, state) / 10);
    #####:  433:        };
    #####:  434:    }
        -:  435:
        -:  436:    // score from discard
    #####:  437:    for (i = 0; i < state->discardCount[player]; i++) {
branch  0 never executed
branch  1 never executed
    #####:  438:        if (state->discard[player][i] == curse) {
branch  0 never executed
branch  1 never executed
    #####:  439:            score = score - 1;
    #####:  440:        };
    #####:  441:        if (state->discard[player][i] == estate) {
branch  0 never executed
branch  1 never executed
    #####:  442:            score = score + 1;
    #####:  443:        };
    #####:  444:        if (state->discard[player][i] == duchy) {
branch  0 never executed
branch  1 never executed
    #####:  445:            score = score + 3;
    #####:  446:        };
    #####:  447:        if (state->discard[player][i] == province) {
branch  0 never executed
branch  1 never executed
    #####:  448:            score = score + 6;
    #####:  449:        };
    #####:  450:        if (state->discard[player][i] == great_hall) {
branch  0 never executed
branch  1 never executed
    #####:  451:            score = score + 1;
    #####:  452:        };
    #####:  453:        if (state->discard[player][i] == gardens) {
branch  0 never executed
branch  1 never executed
    #####:  454:            score = score + (fullDeckCount(player, 0, state) / 10);
    #####:  455:        };
    #####:  456:    }
        -:  457:
        -:  458:    // score from deck
    #####:  459:    for (i = 0; i < state->discardCount[player]; i++) {
branch  0 never executed
branch  1 never executed
    #####:  460:        if (state->deck[player][i] == curse) {
branch  0 never executed
branch  1 never executed
    #####:  461:            score = score - 1;
    #####:  462:        };
    #####:  463:        if (state->deck[player][i] == estate) {
branch  0 never executed
branch  1 never executed
    #####:  464:            score = score + 1;
    #####:  465:        };
    #####:  466:        if (state->deck[player][i] == duchy) {
branch  0 never executed
branch  1 never executed
    #####:  467:            score = score + 3;
    #####:  468:        };
    #####:  469:        if (state->deck[player][i] == province) {
branch  0 never executed
branch  1 never executed
    #####:  470:            score = score + 6;
    #####:  471:        };
    #####:  472:        if (state->deck[player][i] == great_hall) {
branch  0 never executed
branch  1 never executed
    #####:  473:            score = score + 1;
    #####:  474:        };
    #####:  475:        if (state->deck[player][i] == gardens) {
branch  0 never executed
branch  1 never executed
    #####:  476:            score = score + (fullDeckCount(player, 0, state) / 10);
    #####:  477:        };
    #####:  478:    }
        -:  479:
    #####:  480:    return score;
        -:  481:}
        -:  482:
function getWinners called 0 returned 0% blocks executed 0%
        -:  483:int getWinners(int players[MAX_PLAYERS], struct gameState* state) {
        -:  484:    int i;
        -:  485:    int j;
        -:  486:    int highScore;
        -:  487:    int currentPlayer;
        -:  488:
        -:  489:    // get score for each player
    #####:  490:    for (i = 0; i < MAX_PLAYERS; i++) {
branch  0 never executed
branch  1 never executed
        -:  491:        // set unused player scores to -9999
    #####:  492:        if (i >= state->numPlayers) {
branch  0 never executed
branch  1 never executed
    #####:  493:            players[i] = -9999;
    #####:  494:        }
        -:  495:        else {
    #####:  496:            players[i] = scoreFor(i, state);
        -:  497:        }
    #####:  498:    }
        -:  499:
        -:  500:    // find highest score
    #####:  501:    j = 0;
    #####:  502:    for (i = 0; i < MAX_PLAYERS; i++) {
branch  0 never executed
branch  1 never executed
    #####:  503:        if (players[i] > players[j]) {
branch  0 never executed
branch  1 never executed
    #####:  504:            j = i;
    #####:  505:        }
    #####:  506:    }
    #####:  507:    highScore = players[j];
        -:  508:
        -:  509:    // add 1 to players who had less turns
    #####:  510:    currentPlayer = whoseTurn(state);
    #####:  511:    for (i = 0; i < MAX_PLAYERS; i++) {
branch  0 never executed
branch  1 never executed
    #####:  512:        if (players[i] == highScore && i > currentPlayer) {
branch  0 never executed
branch  1 never executed
branch  2 never executed
branch  3 never executed
    #####:  513:            players[i]++;
    #####:  514:        }
    #####:  515:    }
        -:  516:
        -:  517:    // find new highest score
    #####:  518:    j = 0;
    #####:  519:    for (i = 0; i < MAX_PLAYERS; i++) {
branch  0 never executed
branch  1 never executed
    #####:  520:        if (players[i] > players[j]) {
branch  0 never executed
branch  1 never executed
    #####:  521:            j = i;
    #####:  522:        }
    #####:  523:    }
    #####:  524:    highScore = players[j];
        -:  525:
        -:  526:    // set winners in array to 1 and rest to 0
    #####:  527:    for (i = 0; i < MAX_PLAYERS; i++) {
branch  0 never executed
branch  1 never executed
    #####:  528:        if (players[i] == highScore) {
branch  0 never executed
branch  1 never executed
    #####:  529:            players[i] = 1;
    #####:  530:        }
        -:  531:        else {
    #####:  532:            players[i] = 0;
        -:  533:        }
    #####:  534:    }
        -:  535:
    #####:  536:    return 0;
        -:  537:}
        -:  538:
function drawCard called 500000 returned 100% blocks executed 75%
        -:  539:int drawCard(int player, struct gameState* state) {
        -:  540:    int count;
        -:  541:    int deckCounter;
   500000:  542:    if (state->deckCount[player] <= 0) {   // Deck is empty
branch  0 taken 2%
branch  1 taken 98%
        -:  543:
        -:  544:        // Step 1 Shuffle the discard pile back into a deck
        -:  545:        int i;
        -:  546:        // Move discard to deck
    17558:  547:        for (i = 0; i < state->discardCount[player]; i++) {
branch  0 taken 0%
branch  1 taken 100%
    #####:  548:            state->deck[player][i]    = state->discard[player][i];
    #####:  549:            state->discard[player][i] = -1;
    #####:  550:        }
        -:  551:
     8779:  552:        state->deckCount[player]    = state->discardCount[player];
     8779:  553:        state->discardCount[player] = 0;   // Reset discard
        -:  554:
        -:  555:        // Shufffle the deck
    17558:  556:        shuffle(player,
     8779:  557:                state);   // Shuffle the deck up and make it so that we can draw
        -:  558:
        -:  559:        if (DEBUG) {   // Debug statements
        -:  560:            printf("Deck count now: %d\n", state->deckCount[player]);
        -:  561:        }
        -:  562:
     8779:  563:        state->discardCount[player] = 0;
        -:  564:
        -:  565:        // Step 2 Draw Card
     8779:  566:        count = state->handCount[player];   // Get current player's hand count
        -:  567:
        -:  568:        if (DEBUG) {   // Debug statements
        -:  569:            printf("Current hand count: %d\n", count);
        -:  570:        }
        -:  571:
        -:  572:        deckCounter
     8779:  573:            = state->deckCount[player];   // Create a holder for the deck count
        -:  574:
     8779:  575:        if (deckCounter == 0)
branch  0 taken 100%
branch  1 taken 0%
     8779:  576:            return -1;
        -:  577:
    #####:  578:        state->hand[player][count]
    #####:  579:            = state->deck[player][deckCounter - 1];   // Add card to hand
    #####:  580:        state->deckCount[player]--;
    #####:  581:        state->handCount[player]++;   // Increment hand count
    #####:  582:    }
        -:  583:
        -:  584:    else {
   491221:  585:        int count
   491221:  586:            = state->handCount[player];   // Get current hand count for player
        -:  587:        int deckCounter;
        -:  588:        if (DEBUG) {   // Debug statements
        -:  589:            printf("Current hand count: %d\n", count);
        -:  590:        }
        -:  591:
        -:  592:        deckCounter
   491221:  593:            = state->deckCount[player];   // Create holder for the deck count
   491221:  594:        state->hand[player][count]
   982442:  595:            = state->deck[player][deckCounter - 1];   // Add card to the hand
   491221:  596:        state->deckCount[player]--;
   491221:  597:        state->handCount[player]++;   // Increment hand count
        -:  598:    }
        -:  599:
   491221:  600:    return 0;
   500000:  601:}
        -:  602:
function getCost called 0 returned 0% blocks executed 0%
        -:  603:int getCost(int cardNumber) {
    #####:  604:    switch (cardNumber) {
branch  0 never executed
branch  1 never executed
branch  2 never executed
branch  3 never executed
branch  4 never executed
branch  5 never executed
branch  6 never executed
branch  7 never executed
branch  8 never executed
branch  9 never executed
branch 10 never executed
branch 11 never executed
branch 12 never executed
branch 13 never executed
branch 14 never executed
branch 15 never executed
branch 16 never executed
branch 17 never executed
branch 18 never executed
branch 19 never executed
branch 20 never executed
branch 21 never executed
branch 22 never executed
branch 23 never executed
branch 24 never executed
branch 25 never executed
branch 26 never executed
branch 27 never executed
    #####:  605:        case curse: return 0;
    #####:  606:        case estate: return 2;
    #####:  607:        case duchy: return 5;
    #####:  608:        case province: return 8;
    #####:  609:        case copper: return 0;
    #####:  610:        case silver: return 3;
    #####:  611:        case gold: return 6;
    #####:  612:        case adventurer: return 6;
    #####:  613:        case council_room: return 5;
    #####:  614:        case feast: return 4;
    #####:  615:        case gardens: return 4;
    #####:  616:        case mine: return 5;
    #####:  617:        case remodel: return 4;
    #####:  618:        case smithy: return 4;
    #####:  619:        case village: return 3;
    #####:  620:        case baron: return 4;
    #####:  621:        case great_hall: return 3;
    #####:  622:        case minion: return 5;
    #####:  623:        case steward: return 3;
    #####:  624:        case tribute: return 5;
    #####:  625:        case ambassador: return 3;
    #####:  626:        case cutpurse: return 4;
    #####:  627:        case embargo: return 2;
    #####:  628:        case outpost: return 5;
    #####:  629:        case salvager: return 4;
    #####:  630:        case sea_hag: return 4;
    #####:  631:        case treasure_map: return 4;
        -:  632:    }
        -:  633:
    #####:  634:    return -1;
    #####:  635:}
        -:  636:
function smithyCard called 50000 returned 100% blocks executed 100%
        -:  637:int smithyCard(struct gameState* state, int handPos) {
        -:  638:
        -:  639:    int i;
    50000:  640:    int currentPlayer = whoseTurn(state);
        -:  641:
        -:  642:    // //+3 Cards
        -:  643:    // for (i = 0; i < 3; i++) {
        -:  644:    //     drawCard(currentPlayer, state);
        -:  645:    // }
        -:  646:
        -:  647:    // BUG INTRODUCED: +5 Cards instead of +3 Cards
   600000:  648:    for (i = 0; i < 5; i++) {
branch  0 taken 83%
branch  1 taken 17%
   250000:  649:        drawCard(currentPlayer, state);
   250000:  650:    }
        -:  651:
        -:  652:    // discard card from hand
    50000:  653:    discardCard(handPos, currentPlayer, state, 0);
    50000:  654:    return 0;
        -:  655:}
        -:  656:
function adventurerCard called 0 returned 0% blocks executed 0%
        -:  657:int adventurerCard(struct gameState* state) {
        -:  658:
    #####:  659:    int drawntreasure = 0;
    #####:  660:    int z             = 0;
    #####:  661:    int currentPlayer = whoseTurn(state);
        -:  662:    int cardDrawn;
        -:  663:    int temphand[MAX_HAND];
        -:  664:
    #####:  665:    while (drawntreasure < 2) {
branch  0 never executed
branch  1 never executed
    #####:  666:        if (state->deckCount[currentPlayer]
branch  0 never executed
branch  1 never executed
branch  2 never executed
branch  3 never executed
    #####:  667:            < 1) {   // if the deck is empty we need to shuffle discard
        -:  668:                     // and add to deck
    #####:  669:            shuffle(currentPlayer, state);
    #####:  670:        }
    #####:  671:        drawCard(currentPlayer, state);
    #####:  672:        cardDrawn = state->hand[currentPlayer][state->handCount[currentPlayer]
    #####:  673:                                               - 1];   // top card of hand is
        -:  674:                                                       // most recently drawn
        -:  675:                                                       // card.
        -:  676:        // if (cardDrawn == copper || cardDrawn == silver || cardDrawn == gold)
        -:  677:        //     drawntreasure++;
        -:  678:
        -:  679:        // BUG INTRODUCED: Only checks if the card drawn is the Copper card.
    #####:  680:        if (cardDrawn == copper)
branch  0 never executed
branch  1 never executed
    #####:  681:            drawntreasure++;
        -:  682:        else {
    #####:  683:            temphand[z] = cardDrawn;
    #####:  684:            state->handCount[currentPlayer]--;   // this should just
        -:  685:                                                 // remove the top card
        -:  686:                                                 // (the most recently
        -:  687:                                                 // drawn one).
    #####:  688:            z++;
        -:  689:        }
        -:  690:    }
    #####:  691:    while (z - 1 >= 0) {
branch  0 never executed
branch  1 never executed
    #####:  692:        state->discard[currentPlayer][state->discardCount[currentPlayer]++]
    #####:  693:            = temphand[z - 1];   // discard all cards in play that have
        -:  694:                                 // been drawn
    #####:  695:        z = z - 1;
        -:  696:    }
    #####:  697:    return 0;
        -:  698:}
        -:  699:
function councilRoomCard called 0 returned 0% blocks executed 0%
        -:  700:int councilRoomCard(struct gameState* state, int handPos) {
        -:  701:
        -:  702:    int i;
    #####:  703:    int currentPlayer = whoseTurn(state);
        -:  704:
        -:  705:    //+4 Cards
    #####:  706:    for (i = 0; i < 4; i++) {
branch  0 never executed
branch  1 never executed
    #####:  707:        drawCard(currentPlayer, state);
    #####:  708:    }
        -:  709:
        -:  710:    //+1 Buy
    #####:  711:    state->numBuys++;
        -:  712:
        -:  713:    // // Each other player draws a card
        -:  714:    // for (i = 0; i < state->numPlayers; i++) {
        -:  715:    //     if (i != currentPlayer) {
        -:  716:    //         drawCard(i, state);
        -:  717:    //     }
        -:  718:    // }
        -:  719:
        -:  720:    // BUG INTRODUCED: All players including the current player draws a card.
    #####:  721:    for (i = 0; i < state->numPlayers; i++) {
branch  0 never executed
branch  1 never executed
    #####:  722:        drawCard(i, state);
    #####:  723:    }
        -:  724:
        -:  725:    // put played card in played card pile
    #####:  726:    discardCard(handPos, currentPlayer, state, 0);
        -:  727:
    #####:  728:    return 0;
        -:  729:}
        -:  730:
function feastCard called 0 returned 0% blocks executed 0%
        -:  731:int feastCard(struct gameState* state, int choice1) {
        -:  732:
        -:  733:    int i;
        -:  734:    int x;
    #####:  735:    int currentPlayer = whoseTurn(state);
        -:  736:    int temphand[MAX_HAND];
        -:  737:
        -:  738:    // gain card with cost up to 5
        -:  739:    // Backup hand
    #####:  740:    for (i = 0; i <= state->handCount[currentPlayer]; i++) {
branch  0 never executed
branch  1 never executed
    #####:  741:        temphand[i] = state->hand[currentPlayer][i];   // Backup card
    #####:  742:        state->hand[currentPlayer][i] = -1;            // Set to nothing
    #####:  743:    }
        -:  744:    // Backup hand
        -:  745:
        -:  746:    // Update Coins for Buy
    #####:  747:    updateCoins(currentPlayer, state, 5);
    #####:  748:    x = 1;             // Condition to loop on
    #####:  749:    while (x == 1) {   // Buy one card
branch  0 never executed
branch  1 never executed
    #####:  750:        if (supplyCount(choice1, state) <= 0) {
branch  0 never executed
branch  1 never executed
        -:  751:            if (DEBUG)
        -:  752:                printf("None of that card left, sorry!\n");
        -:  753:
        -:  754:            if (DEBUG) {
        -:  755:                printf("Cards Left: %d\n", supplyCount(choice1, state));
        -:  756:            }
    #####:  757:        }
    #####:  758:        else if (state->coins < getCost(choice1)) {
branch  0 never executed
branch  1 never executed
    #####:  759:            printf("That card is too expensive!\n");
        -:  760:
        -:  761:            if (DEBUG) {
        -:  762:                printf("Coins: %d < %d\n", state->coins, getCost(choice1));
        -:  763:            }
    #####:  764:        }
        -:  765:        else {
        -:  766:
        -:  767:            if (DEBUG) {
        -:  768:                printf("Deck Count: %d\n",
        -:  769:                       state->handCount[currentPlayer]
        -:  770:                           + state->deckCount[currentPlayer]
        -:  771:                           + state->discardCount[currentPlayer]);
        -:  772:            }
        -:  773:
    #####:  774:            gainCard(choice1, state, 0,
    #####:  775:                     currentPlayer);   // Gain the card
    #####:  776:            x = 0;                     // No more buying cards
        -:  777:
        -:  778:            if (DEBUG) {
        -:  779:                printf("Deck Count: %d\n",
        -:  780:                       state->handCount[currentPlayer]
        -:  781:                           + state->deckCount[currentPlayer]
        -:  782:                           + state->discardCount[currentPlayer]);
        -:  783:            }
        -:  784:        }
        -:  785:    }
        -:  786:
        -:  787:    // Reset Hand
    #####:  788:    for (i = 0; i <= state->handCount[currentPlayer]; i++) {
branch  0 never executed
branch  1 never executed
    #####:  789:        state->hand[currentPlayer][i] = temphand[i];
    #####:  790:        temphand[i]                   = -1;
    #####:  791:    }
        -:  792:    // Reset Hand
        -:  793:
    #####:  794:    return 0;
        -:  795:}
        -:  796:
function mineCard called 0 returned 0% blocks executed 0%
        -:  797:int mineCard(struct gameState* state, int handPos, int choice1, int choice2) {
        -:  798:    int i;
        -:  799:    int j;
    #####:  800:    int currentPlayer = whoseTurn(state);
        -:  801:
    #####:  802:    j = state->hand[currentPlayer][choice1];   // store card we will
        -:  803:                                               // trash
        -:  804:
    #####:  805:    if (state->hand[currentPlayer][choice1] < copper
branch  0 never executed
branch  1 never executed
    #####:  806:        || state->hand[currentPlayer][choice1] > gold) {
branch  0 never executed
branch  1 never executed
    #####:  807:        return -1;
        -:  808:    }
        -:  809:
    #####:  810:    if (choice2 > treasure_map || choice2 < curse) {
branch  0 never executed
branch  1 never executed
branch  2 never executed
branch  3 never executed
    #####:  811:        return -1;
        -:  812:    }
        -:  813:
    #####:  814:    if ((getCost(state->hand[currentPlayer][choice1]) + 3) > getCost(choice2)) {
branch  0 never executed
branch  1 never executed
    #####:  815:        return -1;
        -:  816:    }
        -:  817:
        -:  818:    // gainCard(choice2, state, 2, currentPlayer);
        -:  819:
        -:  820:    // BUG INTRODUCED: The card is gained to the deck instead of the hand.
    #####:  821:    gainCard(choice2, state, 1, currentPlayer);
        -:  822:
        -:  823:    // discard card from hand
    #####:  824:    discardCard(handPos, currentPlayer, state, 0);
        -:  825:
        -:  826:    // discard trashed card
    #####:  827:    for (i = 0; i < state->handCount[currentPlayer]; i++) {
branch  0 never executed
branch  1 never executed
    #####:  828:        if (state->hand[currentPlayer][i] == j) {
branch  0 never executed
branch  1 never executed
    #####:  829:            discardCard(i, currentPlayer, state, 0);
    #####:  830:            break;
        -:  831:        }
    #####:  832:    }
        -:  833:
    #####:  834:    return 0;
    #####:  835:}
        -:  836:
function cardEffect called 50000 returned 100% blocks executed 2%
        -:  837:int cardEffect(int card, int choice1, int choice2, int choice3,
        -:  838:               struct gameState* state, int handPos, int* bonus) {
        -:  839:    int i;
        -:  840:    int j;
        -:  841:    int k;
        -:  842:    // int x;
        -:  843:    int index;
    50000:  844:    int currentPlayer = whoseTurn(state);
    50000:  845:    int nextPlayer    = currentPlayer + 1;
        -:  846:
    50000:  847:    int tributeRevealedCards[2] = { -1, -1 };
        -:  848:    // int temphand[MAX_HAND];   // moved above the if statement
        -:  849:    // int drawntreasure = 0;
        -:  850:    // int cardDrawn;
        -:  851:    // int z = 0;   // this is the counter for the temp hand
    50000:  852:    if (nextPlayer > (state->numPlayers - 1)) {
branch  0 taken 0%
branch  1 taken 100%
    #####:  853:        nextPlayer = 0;
    #####:  854:    }
        -:  855:
        -:  856:    // uses switch to select card and perform actions
    50000:  857:    switch (card) {
branch  0 taken 0%
branch  1 taken 0%
branch  2 taken 0%
branch  3 taken 0%
branch  4 taken 0%
branch  5 taken 0%
branch  6 taken 100%
branch  7 taken 0%
branch  8 taken 0%
branch  9 taken 0%
branch 10 taken 0%
branch 11 taken 0%
branch 12 taken 0%
branch 13 taken 0%
branch 14 taken 0%
branch 15 taken 0%
branch 16 taken 0%
branch 17 taken 0%
branch 18 taken 0%
branch 19 taken 0%
branch 20 taken 0%
    #####:  858:        case adventurer: return adventurerCard(state);
        -:  859:
    #####:  860:        case council_room: return councilRoomCard(state, handPos);
        -:  861:
    #####:  862:        case feast: return feastCard(state, choice1);
        -:  863:
    #####:  864:        case gardens: return -1;
        -:  865:
    #####:  866:        case mine: return mineCard(state, handPos, choice1, choice2);
        -:  867:
        -:  868:        case remodel:
    #####:  869:            j = state->hand[currentPlayer][choice1];   // store card we will
        -:  870:                                                       // trash
        -:  871:
    #####:  872:            if ((getCost(state->hand[currentPlayer][choice1]) + 2)
branch  0 never executed
branch  1 never executed
branch  2 never executed
branch  3 never executed
    #####:  873:                > getCost(choice2)) {
    #####:  874:                return -1;
        -:  875:            }
        -:  876:
    #####:  877:            gainCard(choice2, state, 0, currentPlayer);
        -:  878:
        -:  879:            // discard card from hand
    #####:  880:            discardCard(handPos, currentPlayer, state, 0);
        -:  881:
        -:  882:            // discard trashed card
    #####:  883:            for (i = 0; i < state->handCount[currentPlayer]; i++) {
branch  0 never executed
branch  1 never executed
    #####:  884:                if (state->hand[currentPlayer][i] == j) {
branch  0 never executed
branch  1 never executed
    #####:  885:                    discardCard(i, currentPlayer, state, 0);
    #####:  886:                    break;
        -:  887:                }
    #####:  888:            }
        -:  889:
    #####:  890:            return 0;
        -:  891:
    50000:  892:        case smithy: return smithyCard(state, handPos);
        -:  893:
        -:  894:        case village:
        -:  895:            //+1 Card
    #####:  896:            drawCard(currentPlayer, state);
        -:  897:
        -:  898:            //+2 Actions
    #####:  899:            state->numActions = state->numActions + 2;
        -:  900:
        -:  901:            // discard played card from hand
    #####:  902:            discardCard(handPos, currentPlayer, state, 0);
    #####:  903:            return 0;
        -:  904:
        -:  905:        case baron:
    #####:  906:            state->numBuys++;    // Increase buys by 1!
    #####:  907:            if (choice1 > 0) {   // Boolean true or going to discard an estate
branch  0 never executed
branch  1 never executed
    #####:  908:                int p                  = 0;   // Iterator for hand!
    #####:  909:                int card_not_discarded = 1;   // Flag for discard set!
    #####:  910:                while (card_not_discarded) {
branch  0 never executed
branch  1 never executed
    #####:  911:                    if (state->hand[currentPlayer][p]
branch  0 never executed
branch  1 never executed
branch  2 never executed
branch  3 never executed
    #####:  912:                        == estate) {   // Found an estate card!
    #####:  913:                        state->coins
    #####:  914:                            += 4;   // Add 4 coins to the amount of coins
    #####:  915:                        state->discard[currentPlayer]
    #####:  916:                                      [state->discardCount[currentPlayer]]
    #####:  917:                            = state->hand[currentPlayer][p];
    #####:  918:                        state->discardCount[currentPlayer]++;
    #####:  919:                        for (; p < state->handCount[currentPlayer]; p++) {
branch  0 never executed
branch  1 never executed
    #####:  920:                            state->hand[currentPlayer][p]
    #####:  921:                                = state->hand[currentPlayer][p + 1];
    #####:  922:                        }
    #####:  923:                        state->hand[currentPlayer]
    #####:  924:                                   [state->handCount[currentPlayer]]
    #####:  925:                            = -1;
    #####:  926:                        state->handCount[currentPlayer]--;
    #####:  927:                        card_not_discarded = 0;   // Exit the loop
    #####:  928:                    }
    #####:  929:                    else if (p > state->handCount[currentPlayer]) {
branch  0 never executed
branch  1 never executed
        -:  930:                        if (DEBUG) {
        -:  931:                            printf(
        -:  932:                                "No estate cards in your hand, invalid "
        -:  933:                                "choice\n");
        -:  934:                            printf("Must gain an estate if there are any\n");
        -:  935:                        }
    #####:  936:                        if (supplyCount(estate, state) > 0) {
branch  0 never executed
branch  1 never executed
    #####:  937:                            gainCard(estate, state, 0, currentPlayer);
    #####:  938:                            state->supplyCount[estate]--;   // Decrement estates
    #####:  939:                            if (supplyCount(estate, state) == 0) {
branch  0 never executed
branch  1 never executed
    #####:  940:                                isGameOver(state);
    #####:  941:                            }
    #####:  942:                        }
    #####:  943:                        card_not_discarded = 0;   // Exit the loop
    #####:  944:                    }
        -:  945:
        -:  946:                    else {
    #####:  947:                        p++;   // Next card
        -:  948:                    }
        -:  949:                }
    #####:  950:            }
        -:  951:
        -:  952:            else {
    #####:  953:                if (supplyCount(estate, state) > 0) {
branch  0 never executed
branch  1 never executed
    #####:  954:                    gainCard(estate, state, 0,
    #####:  955:                             currentPlayer);        // Gain an estate
    #####:  956:                    state->supplyCount[estate]--;   // Decrement Estates
    #####:  957:                    if (supplyCount(estate, state) == 0) {
branch  0 never executed
branch  1 never executed
    #####:  958:                        isGameOver(state);
    #####:  959:                    }
    #####:  960:                }
        -:  961:            }
        -:  962:
    #####:  963:            return 0;
        -:  964:
        -:  965:        case great_hall:
        -:  966:            //+1 Card
    #####:  967:            drawCard(currentPlayer, state);
        -:  968:
        -:  969:            //+1 Actions
    #####:  970:            state->numActions++;
        -:  971:
        -:  972:            // discard card from hand
    #####:  973:            discardCard(handPos, currentPlayer, state, 0);
    #####:  974:            return 0;
        -:  975:
        -:  976:        case minion:
        -:  977:            //+1 action
    #####:  978:            state->numActions++;
        -:  979:
        -:  980:            // discard card from hand
    #####:  981:            discardCard(handPos, currentPlayer, state, 0);
        -:  982:
    #####:  983:            if (choice1)   //+2 coins
branch  0 never executed
branch  1 never executed
        -:  984:            {
    #####:  985:                state->coins = state->coins + 2;
    #####:  986:            }
        -:  987:
    #####:  988:            else if (choice2)   // discard hand, redraw 4, other players with 5+
branch  0 never executed
branch  1 never executed
        -:  989:                                // cards discard hand and draw 4
        -:  990:            {
        -:  991:                // discard hand
    #####:  992:                while (numHandCards(state) > 0) {
branch  0 never executed
branch  1 never executed
    #####:  993:                    discardCard(handPos, currentPlayer, state, 0);
        -:  994:                }
        -:  995:
        -:  996:                // draw 4
    #####:  997:                for (i = 0; i < 4; i++) {
branch  0 never executed
branch  1 never executed
    #####:  998:                    drawCard(currentPlayer, state);
    #####:  999:                }
        -: 1000:
        -: 1001:                // other players discard hand and redraw if hand size > 4
    #####: 1002:                for (i = 0; i < state->numPlayers; i++) {
branch  0 never executed
branch  1 never executed
    #####: 1003:                    if (i != currentPlayer) {
branch  0 never executed
branch  1 never executed
    #####: 1004:                        if (state->handCount[i] > 4) {
branch  0 never executed
branch  1 never executed
        -: 1005:                            // discard hand
    #####: 1006:                            while (state->handCount[i] > 0) {
branch  0 never executed
branch  1 never executed
    #####: 1007:                                discardCard(handPos, i, state, 0);
        -: 1008:                            }
        -: 1009:
        -: 1010:                            // draw 4
    #####: 1011:                            for (j = 0; j < 4; j++) {
branch  0 never executed
branch  1 never executed
    #####: 1012:                                drawCard(i, state);
    #####: 1013:                            }
    #####: 1014:                        }
    #####: 1015:                    }
    #####: 1016:                }
    #####: 1017:            }
    #####: 1018:            return 0;
        -: 1019:
        -: 1020:        case steward:
    #####: 1021:            if (choice1 == 1) {
branch  0 never executed
branch  1 never executed
        -: 1022:                //+2 cards
    #####: 1023:                drawCard(currentPlayer, state);
    #####: 1024:                drawCard(currentPlayer, state);
    #####: 1025:            }
    #####: 1026:            else if (choice1 == 2) {
branch  0 never executed
branch  1 never executed
        -: 1027:                //+2 coins
    #####: 1028:                state->coins = state->coins + 2;
    #####: 1029:            }
        -: 1030:            else {
        -: 1031:                // trash 2 cards in hand
    #####: 1032:                discardCard(choice2, currentPlayer, state, 1);
    #####: 1033:                discardCard(choice3, currentPlayer, state, 1);
        -: 1034:            }
        -: 1035:
        -: 1036:            // discard card from hand
    #####: 1037:            discardCard(handPos, currentPlayer, state, 0);
    #####: 1038:            return 0;
        -: 1039:
        -: 1040:        case tribute:
    #####: 1041:            if ((state->discardCount[nextPlayer] + state->deckCount[nextPlayer])
branch  0 never executed
branch  1 never executed
branch  2 never executed
branch  3 never executed
    #####: 1042:                <= 1) {
    #####: 1043:                if (state->deckCount[nextPlayer] > 0) {
branch  0 never executed
branch  1 never executed
    #####: 1044:                    tributeRevealedCards[0]
    #####: 1045:                        = state->deck[nextPlayer]
    #####: 1046:                                     [state->deckCount[nextPlayer] - 1];
    #####: 1047:                    state->deckCount[nextPlayer]--;
    #####: 1048:                }
    #####: 1049:                else if (state->discardCount[nextPlayer] > 0) {
branch  0 never executed
branch  1 never executed
    #####: 1050:                    tributeRevealedCards[0]
    #####: 1051:                        = state->discard[nextPlayer]
    #####: 1052:                                        [state->discardCount[nextPlayer] - 1];
    #####: 1053:                    state->discardCount[nextPlayer]--;
    #####: 1054:                }
        -: 1055:                else {
        -: 1056:                    // No Card to Reveal
        -: 1057:                    if (DEBUG) {
        -: 1058:                        printf("No cards to reveal\n");
        -: 1059:                    }
        -: 1060:                }
    #####: 1061:            }
        -: 1062:
        -: 1063:            else {
    #####: 1064:                if (state->deckCount[nextPlayer] == 0) {
branch  0 never executed
branch  1 never executed
    #####: 1065:                    for (i = 0; i < state->discardCount[nextPlayer]; i++) {
branch  0 never executed
branch  1 never executed
    #####: 1066:                        state->deck[nextPlayer][i]
    #####: 1067:                            = state->discard[nextPlayer][i];   // Move to deck
    #####: 1068:                        state->deckCount[nextPlayer]++;
    #####: 1069:                        state->discard[nextPlayer][i] = -1;
    #####: 1070:                        state->discardCount[nextPlayer]--;
    #####: 1071:                    }
        -: 1072:
    #####: 1073:                    shuffle(nextPlayer, state);   // Shuffle the deck
    #####: 1074:                }
    #####: 1075:                tributeRevealedCards[0]
    #####: 1076:                    = state->deck[nextPlayer][state->deckCount[nextPlayer] - 1];
    #####: 1077:                state->deck[nextPlayer][state->deckCount[nextPlayer]--] = -1;
    #####: 1078:                state->deckCount[nextPlayer]--;
    #####: 1079:                tributeRevealedCards[1]
    #####: 1080:                    = state->deck[nextPlayer][state->deckCount[nextPlayer] - 1];
    #####: 1081:                state->deck[nextPlayer][state->deckCount[nextPlayer]--] = -1;
    #####: 1082:                state->deckCount[nextPlayer]--;
        -: 1083:            }
        -: 1084:
    #####: 1085:            if (tributeRevealedCards[0]
branch  0 never executed
branch  1 never executed
branch  2 never executed
branch  3 never executed
    #####: 1086:                == tributeRevealedCards[1]) {   // If we have a duplicate card,
        -: 1087:                                                // just drop one
    #####: 1088:                state->playedCards[state->playedCardCount]
    #####: 1089:                    = tributeRevealedCards[1];
    #####: 1090:                state->playedCardCount++;
    #####: 1091:                tributeRevealedCards[1] = -1;
    #####: 1092:            }
        -: 1093:
    #####: 1094:            for (i = 0; i <= 2; i++) {
branch  0 never executed
branch  1 never executed
    #####: 1095:                if (tributeRevealedCards[i] == copper
branch  0 never executed
branch  1 never executed
    #####: 1096:                    || tributeRevealedCards[i] == silver
branch  0 never executed
branch  1 never executed
    #####: 1097:                    || tributeRevealedCards[i] == gold) {   // Treasure cards
branch  0 never executed
branch  1 never executed
    #####: 1098:                    state->coins += 2;
    #####: 1099:                }
        -: 1100:
    #####: 1101:                else if (tributeRevealedCards[i] == estate
branch  0 never executed
branch  1 never executed
    #####: 1102:                         || tributeRevealedCards[i] == duchy
branch  0 never executed
branch  1 never executed
    #####: 1103:                         || tributeRevealedCards[i] == province
branch  0 never executed
branch  1 never executed
    #####: 1104:                         || tributeRevealedCards[i] == gardens
branch  0 never executed
branch  1 never executed
    #####: 1105:                         || tributeRevealedCards[i]
branch  0 never executed
branch  1 never executed
    #####: 1106:                                == great_hall) {   // Victory Card Found
    #####: 1107:                    drawCard(currentPlayer, state);
    #####: 1108:                    drawCard(currentPlayer, state);
    #####: 1109:                }
        -: 1110:                else {   // Action Card
    #####: 1111:                    state->numActions = state->numActions + 2;
        -: 1112:                }
    #####: 1113:            }
        -: 1114:
    #####: 1115:            return 0;
        -: 1116:
        -: 1117:        case ambassador:
    #####: 1118:            j = 0;   // used to check if player has enough cards to discard
        -: 1119:
    #####: 1120:            if (choice2 > 2 || choice2 < 0) {
branch  0 never executed
branch  1 never executed
branch  2 never executed
branch  3 never executed
    #####: 1121:                return -1;
        -: 1122:            }
        -: 1123:
    #####: 1124:            if (choice1 == handPos) {
branch  0 never executed
branch  1 never executed
    #####: 1125:                return -1;
        -: 1126:            }
        -: 1127:
    #####: 1128:            for (i = 0; i < state->handCount[currentPlayer]; i++) {
branch  0 never executed
branch  1 never executed
    #####: 1129:                if (i != handPos && i == state->hand[currentPlayer][choice1]
branch  0 never executed
branch  1 never executed
branch  2 never executed
branch  3 never executed
    #####: 1130:                    && i != choice1) {
branch  0 never executed
branch  1 never executed
    #####: 1131:                    j++;
    #####: 1132:                }
    #####: 1133:            }
    #####: 1134:            if (j < choice2) {
branch  0 never executed
branch  1 never executed
    #####: 1135:                return -1;
        -: 1136:            }
        -: 1137:
        -: 1138:            if (DEBUG)
        -: 1139:                printf("Player %d reveals card number: %d\n", currentPlayer,
        -: 1140:                       state->hand[currentPlayer][choice1]);
        -: 1141:
        -: 1142:            // increase supply count for choosen card by amount being discarded
    #####: 1143:            state->supplyCount[state->hand[currentPlayer][choice1]] += choice2;
        -: 1144:
        -: 1145:            // each other player gains a copy of revealed card
    #####: 1146:            for (i = 0; i < state->numPlayers; i++) {
branch  0 never executed
branch  1 never executed
    #####: 1147:                if (i != currentPlayer) {
branch  0 never executed
branch  1 never executed
    #####: 1148:                    gainCard(state->hand[currentPlayer][choice1], state, 0, i);
    #####: 1149:                }
    #####: 1150:            }
        -: 1151:
        -: 1152:            // discard played card from hand
    #####: 1153:            discardCard(handPos, currentPlayer, state, 0);
        -: 1154:
        -: 1155:            // trash copies of cards returned to supply
    #####: 1156:            for (j = 0; j < choice2; j++) {
branch  0 never executed
branch  1 never executed
    #####: 1157:                for (i = 0; i < state->handCount[currentPlayer]; i++) {
branch  0 never executed
branch  1 never executed
    #####: 1158:                    if (state->hand[currentPlayer][i]
branch  0 never executed
branch  1 never executed
branch  2 never executed
branch  3 never executed
    #####: 1159:                        == state->hand[currentPlayer][choice1]) {
    #####: 1160:                        discardCard(i, currentPlayer, state, 1);
    #####: 1161:                        break;
        -: 1162:                    }
    #####: 1163:                }
    #####: 1164:            }
        -: 1165:
    #####: 1166:            return 0;
        -: 1167:
        -: 1168:        case cutpurse:
        -: 1169:
    #####: 1170:            updateCoins(currentPlayer, state, 2);
    #####: 1171:            for (i = 0; i < state->numPlayers; i++) {
branch  0 never executed
branch  1 never executed
    #####: 1172:                if (i != currentPlayer) {
branch  0 never executed
branch  1 never executed
    #####: 1173:                    for (j = 0; j < state->handCount[i]; j++) {
branch  0 never executed
branch  1 never executed
    #####: 1174:                        if (state->hand[i][j] == copper) {
branch  0 never executed
branch  1 never executed
    #####: 1175:                            discardCard(j, i, state, 0);
    #####: 1176:                            break;
        -: 1177:                        }
    #####: 1178:                        if (j == state->handCount[i]) {
branch  0 never executed
branch  1 never executed
    #####: 1179:                            for (k = 0; k < state->handCount[i]; k++) {
branch  0 never executed
branch  1 never executed
        -: 1180:                                if (DEBUG)
        -: 1181:                                    printf("Player %d reveals card number %d\n",
        -: 1182:                                           i, state->hand[i][k]);
    #####: 1183:                            }
    #####: 1184:                            break;
        -: 1185:                        }
    #####: 1186:                    }
    #####: 1187:                }
    #####: 1188:            }
        -: 1189:
        -: 1190:            // discard played card from hand
    #####: 1191:            discardCard(handPos, currentPlayer, state, 0);
        -: 1192:
    #####: 1193:            return 0;
        -: 1194:
        -: 1195:        case embargo:
        -: 1196:            //+2 Coins
    #####: 1197:            state->coins = state->coins + 2;
        -: 1198:
        -: 1199:            // see if selected pile is in play
    #####: 1200:            if (state->supplyCount[choice1] == -1) {
branch  0 never executed
branch  1 never executed
    #####: 1201:                return -1;
        -: 1202:            }
        -: 1203:
        -: 1204:            // add embargo token to selected supply pile
    #####: 1205:            state->embargoTokens[choice1]++;
        -: 1206:
        -: 1207:            // trash card
    #####: 1208:            discardCard(handPos, currentPlayer, state, 1);
    #####: 1209:            return 0;
        -: 1210:
        -: 1211:        case outpost:
        -: 1212:            // set outpost flag
    #####: 1213:            state->outpostPlayed++;
        -: 1214:
        -: 1215:            // discard card
    #####: 1216:            discardCard(handPos, currentPlayer, state, 0);
    #####: 1217:            return 0;
        -: 1218:
        -: 1219:        case salvager:
        -: 1220:            //+1 buy
    #####: 1221:            state->numBuys++;
        -: 1222:
    #####: 1223:            if (choice1) {
branch  0 never executed
branch  1 never executed
        -: 1224:                // gain coins equal to trashed card
    #####: 1225:                state->coins = state->coins + getCost(handCard(choice1, state));
        -: 1226:                // trash card
    #####: 1227:                discardCard(choice1, currentPlayer, state, 1);
    #####: 1228:            }
        -: 1229:
        -: 1230:            // discard card
    #####: 1231:            discardCard(handPos, currentPlayer, state, 0);
    #####: 1232:            return 0;
        -: 1233:
        -: 1234:        case sea_hag:
    #####: 1235:            for (i = 0; i < state->numPlayers; i++) {
branch  0 never executed
branch  1 never executed
    #####: 1236:                if (i != currentPlayer) {
branch  0 never executed
branch  1 never executed
    #####: 1237:                    state->discard[i][state->discardCount[i]]
    #####: 1238:                        = state->deck[i][state->deckCount[i]--];
    #####: 1239:                    state->deckCount[i]--;
    #####: 1240:                    state->discardCount[i]++;
    #####: 1241:                    state->deck[i][state->deckCount[i]--]
    #####: 1242:                        = curse;   // Top card now a curse
    #####: 1243:                }
    #####: 1244:            }
    #####: 1245:            return 0;
        -: 1246:
        -: 1247:        case treasure_map:
        -: 1248:            // search hand for another treasure_map
    #####: 1249:            index = -1;
    #####: 1250:            for (i = 0; i < state->handCount[currentPlayer]; i++) {
branch  0 never executed
branch  1 never executed
    #####: 1251:                if (state->hand[currentPlayer][i] == treasure_map
branch  0 never executed
branch  1 never executed
    #####: 1252:                    && i != handPos) {
branch  0 never executed
branch  1 never executed
    #####: 1253:                    index = i;
    #####: 1254:                    break;
        -: 1255:                }
    #####: 1256:            }
    #####: 1257:            if (index > -1) {
branch  0 never executed
branch  1 never executed
        -: 1258:                // trash both treasure cards
    #####: 1259:                discardCard(handPos, currentPlayer, state, 1);
    #####: 1260:                discardCard(index, currentPlayer, state, 1);
        -: 1261:
        -: 1262:                // gain 4 Gold cards
    #####: 1263:                for (i = 0; i < 4; i++) {
branch  0 never executed
branch  1 never executed
    #####: 1264:                    gainCard(gold, state, 1, currentPlayer);
    #####: 1265:                }
        -: 1266:
        -: 1267:                // return success
    #####: 1268:                return 1;
        -: 1269:            }
        -: 1270:
        -: 1271:            // no second treasure_map found in hand
    #####: 1272:            return -1;
        -: 1273:    }
        -: 1274:
    #####: 1275:    return -1;
    50000: 1276:}
        -: 1277:
function discardCard called 50000 returned 100% blocks executed 100%
        -: 1278:int discardCard(int handPos, int currentPlayer, struct gameState* state,
        -: 1279:                int trashFlag) {
        -: 1280:
        -: 1281:    // if card is not trashed, added to Played pile
    50000: 1282:    if (trashFlag < 1) {
branch  0 taken 100%
branch  1 taken 0%
        -: 1283:        // add card to played pile
    50000: 1284:        state->playedCards[state->playedCardCount]
   100000: 1285:            = state->hand[currentPlayer][handPos];
    50000: 1286:        state->playedCardCount++;
    50000: 1287:    }
        -: 1288:
        -: 1289:    // set played card to -1
    50000: 1290:    state->hand[currentPlayer][handPos] = -1;
        -: 1291:
        -: 1292:    // remove card from player's hand
    50000: 1293:    if (handPos == (state->handCount[currentPlayer] - 1))   // last card in hand
branch  0 taken 1%
branch  1 taken 99%
        -: 1294:                                                            // array is played
        -: 1295:    {
        -: 1296:        // reduce number of cards in hand
       95: 1297:        state->handCount[currentPlayer]--;
       95: 1298:    }
    49905: 1299:    else if (state->handCount[currentPlayer] == 1)   // only one card in hand
branch  0 taken 1%
branch  1 taken 99%
        -: 1300:    {
        -: 1301:        // reduce number of cards in hand
       80: 1302:        state->handCount[currentPlayer]--;
       80: 1303:    }
        -: 1304:    else {
        -: 1305:        // replace discarded card with last card in hand
    49825: 1306:        state->hand[currentPlayer][handPos]
    99650: 1307:            = state->hand[currentPlayer][(state->handCount[currentPlayer] - 1)];
        -: 1308:        // set last card to -1
    49825: 1309:        state->hand[currentPlayer][state->handCount[currentPlayer] - 1] = -1;
        -: 1310:        // reduce number of cards in hand
    49825: 1311:        state->handCount[currentPlayer]--;
        -: 1312:    }
        -: 1313:
    50000: 1314:    return 0;
        -: 1315:}
        -: 1316:
function gainCard called 0 returned 0% blocks executed 0%
        -: 1317:int gainCard(int supplyPos, struct gameState* state, int toFlag, int player) {
        -: 1318:    // Note: supplyPos is enum of choosen card
        -: 1319:
        -: 1320:    // check if supply pile is empty (0) or card is not used in game (-1)
    #####: 1321:    if (supplyCount(supplyPos, state) < 1) {
branch  0 never executed
branch  1 never executed
    #####: 1322:        return -1;
        -: 1323:    }
        -: 1324:
        -: 1325:    // added card for [whoseTurn] current player:
        -: 1326:    // toFlag = 0 : add to discard
        -: 1327:    // toFlag = 1 : add to deck
        -: 1328:    // toFlag = 2 : add to hand
        -: 1329:
    #####: 1330:    if (toFlag == 1) {
branch  0 never executed
branch  1 never executed
    #####: 1331:        state->deck[player][state->deckCount[player]] = supplyPos;
    #####: 1332:        state->deckCount[player]++;
    #####: 1333:    }
    #####: 1334:    else if (toFlag == 2) {
branch  0 never executed
branch  1 never executed
    #####: 1335:        state->hand[player][state->handCount[player]] = supplyPos;
    #####: 1336:        state->handCount[player]++;
    #####: 1337:    }
        -: 1338:    else {
    #####: 1339:        state->discard[player][state->discardCount[player]] = supplyPos;
    #####: 1340:        state->discardCount[player]++;
        -: 1341:    }
        -: 1342:
        -: 1343:    // decrease number in supply pile
    #####: 1344:    state->supplyCount[supplyPos]--;
        -: 1345:
    #####: 1346:    return 0;
    #####: 1347:}
        -: 1348:
function updateCoins called 50000 returned 100% blocks executed 85%
        -: 1349:int updateCoins(int player, struct gameState* state, int bonus) {
        -: 1350:    int i;
        -: 1351:
        -: 1352:    // reset coin count
    50000: 1353:    state->coins = 0;
        -: 1354:
        -: 1355:    // add coins for each Treasure card in player's hand
   600000: 1356:    for (i = 0; i < state->handCount[player]; i++) {
branch  0 taken 83%
branch  1 taken 17%
   250000: 1357:        if (state->hand[player][i] == copper) {
branch  0 taken 80%
branch  1 taken 20%
   200000: 1358:            state->coins += 1;
   200000: 1359:        }
    50000: 1360:        else if (state->hand[player][i] == silver) {
branch  0 taken 0%
branch  1 taken 100%
    #####: 1361:            state->coins += 2;
    #####: 1362:        }
    50000: 1363:        else if (state->hand[player][i] == gold) {
branch  0 taken 0%
branch  1 taken 100%
    #####: 1364:            state->coins += 3;
    #####: 1365:        }
   250000: 1366:    }
        -: 1367:
        -: 1368:    // add bonus
    50000: 1369:    state->coins += bonus;
        -: 1370:
    50000: 1371:    return 0;
        -: 1372:}
        -: 1373:
        -: 1374:// end of dominion.c
